2025-04-21T15:22:57.329+05:30  INFO 20776 --- [AirlineReservationSystem] [main] .e.A.AirlineReservationSystemApplication : Starting AirlineReservationSystemApplication using Java 23.0.1 with PID 20776 (C:\Users\Lakshay\OneDrive\Desktop\Airline Reservation System v2\Airline Reservation System\AirlineReservationSystem\target\classes started by Lakshay in C:\Users\Lakshay\OneDrive\Desktop\Airline Reservation System v2\Airline Reservation System\AirlineReservationSystem)
2025-04-21T15:22:57.366+05:30  INFO 20776 --- [AirlineReservationSystem] [main] .e.A.AirlineReservationSystemApplication : No active profile set, falling back to 1 default profile: "default"
2025-04-21T15:22:58.009+05:30  INFO 20776 --- [AirlineReservationSystem] [main] .s.d.r.c.RepositoryConfigurationDelegate : Bootstrapping Spring Data JPA repositories in DEFAULT mode.
2025-04-21T15:22:58.078+05:30  INFO 20776 --- [AirlineReservationSystem] [main] .s.d.r.c.RepositoryConfigurationDelegate : Finished Spring Data repository scanning in 54 ms. Found 5 JPA repository interfaces.
2025-04-21T15:22:58.489+05:30  INFO 20776 --- [AirlineReservationSystem] [main] o.s.b.w.embedded.tomcat.TomcatWebServer  : Tomcat initialized with port 8080 (http)
2025-04-21T15:22:58.505+05:30  INFO 20776 --- [AirlineReservationSystem] [main] o.apache.catalina.core.StandardService   : Starting service [Tomcat]
2025-04-21T15:22:58.505+05:30  INFO 20776 --- [AirlineReservationSystem] [main] o.apache.catalina.core.StandardEngine    : Starting Servlet engine: [Apache Tomcat/10.1.19]
2025-04-21T15:22:58.574+05:30  INFO 20776 --- [AirlineReservationSystem] [main] o.a.c.c.C.[Tomcat].[localhost].[/]       : Initializing Spring embedded WebApplicationContext
2025-04-21T15:22:58.575+05:30  INFO 20776 --- [AirlineReservationSystem] [main] w.s.c.ServletWebServerApplicationContext : Root WebApplicationContext: initialization completed in 1091 ms
2025-04-21T15:22:58.690+05:30  INFO 20776 --- [AirlineReservationSystem] [main] o.hibernate.jpa.internal.util.LogHelper  : HHH000204: Processing PersistenceUnitInfo [name: default]
2025-04-21T15:22:58.731+05:30  INFO 20776 --- [AirlineReservationSystem] [main] org.hibernate.Version                    : HHH000412: Hibernate ORM core version 6.4.4.Final
2025-04-21T15:22:58.762+05:30  INFO 20776 --- [AirlineReservationSystem] [main] o.h.c.internal.RegionFactoryInitiator    : HHH000026: Second-level cache disabled
2025-04-21T15:22:58.936+05:30  INFO 20776 --- [AirlineReservationSystem] [main] o.s.o.j.p.SpringPersistenceUnitInfo      : No LoadTimeWeaver setup: ignoring JPA class transformer
2025-04-21T15:22:58.951+05:30  INFO 20776 --- [AirlineReservationSystem] [main] com.zaxxer.hikari.HikariDataSource       : HikariPool-1 - Starting...
2025-04-21T15:22:59.279+05:30  INFO 20776 --- [AirlineReservationSystem] [main] com.zaxxer.hikari.pool.HikariPool        : HikariPool-1 - Added connection com.mysql.cj.jdbc.ConnectionImpl@12c76d6e
2025-04-21T15:22:59.281+05:30  INFO 20776 --- [AirlineReservationSystem] [main] com.zaxxer.hikari.HikariDataSource       : HikariPool-1 - Start completed.
2025-04-21T15:22:59.531+05:30  WARN 20776 --- [AirlineReservationSystem] [main] org.hibernate.id.UUIDHexGenerator        : HHH000409: Using org.hibernate.id.UUIDHexGenerator which does not generate IETF RFC 4122 compliant UUID values; consider using org.hibernate.id.UUIDGenerator instead
2025-04-21T15:23:00.084+05:30  INFO 20776 --- [AirlineReservationSystem] [main] o.h.e.t.j.p.i.JtaPlatformInitiator       : HHH000489: No JTA platform available (set 'hibernate.transaction.jta.platform' to enable JTA platform integration)
2025-04-21T15:23:00.212+05:30  INFO 20776 --- [AirlineReservationSystem] [main] j.LocalContainerEntityManagerFactoryBean : Initialized JPA EntityManagerFactory for persistence unit 'default'
2025-04-21T15:23:00.567+05:30  WARN 20776 --- [AirlineReservationSystem] [main] JpaBaseConfiguration$JpaWebConfiguration : spring.jpa.open-in-view is enabled by default. Therefore, database queries may be performed during view rendering. Explicitly configure spring.jpa.open-in-view to disable this warning
2025-04-21T15:23:00.713+05:30  INFO 20776 --- [AirlineReservationSystem] [main] o.s.s.web.DefaultSecurityFilterChain     : Will secure any request with [org.springframework.security.web.session.DisableEncodeUrlFilter@493489dd, org.springframework.security.web.context.request.async.WebAsyncManagerIntegrationFilter@3358805a, org.springframework.security.web.context.SecurityContextHolderFilter@365a4b9b, org.springframework.security.web.header.HeaderWriterFilter@3891db3a, org.springframework.web.filter.CorsFilter@77e261e3, org.springframework.security.web.authentication.logout.LogoutFilter@2709e075, org.springframework.security.web.authentication.UsernamePasswordAuthenticationFilter@2ca464bb, org.springframework.security.web.savedrequest.RequestCacheAwareFilter@76efa2b7, org.springframework.security.web.servletapi.SecurityContextHolderAwareRequestFilter@2027d56f, org.springframework.security.web.authentication.AnonymousAuthenticationFilter@642b71d6, org.springframework.security.web.access.ExceptionTranslationFilter@1964ef9, org.springframework.security.web.access.intercept.AuthorizationFilter@3c7787a7]
2025-04-21T15:23:00.929+05:30  INFO 20776 --- [AirlineReservationSystem] [main] o.s.b.w.embedded.tomcat.TomcatWebServer  : Tomcat started on port 8080 (http) with context path ''
2025-04-21T15:23:00.935+05:30  INFO 20776 --- [AirlineReservationSystem] [main] .e.A.AirlineReservationSystemApplication : Started AirlineReservationSystemApplication in 3.969 seconds (process running for 4.251)
2025-04-21T15:23:13.245+05:30  INFO 20776 --- [AirlineReservationSystem] [http-nio-8080-exec-2] o.a.c.c.C.[Tomcat].[localhost].[/]       : Initializing Spring DispatcherServlet 'dispatcherServlet'
2025-04-21T15:23:13.246+05:30  INFO 20776 --- [AirlineReservationSystem] [http-nio-8080-exec-2] o.s.web.servlet.DispatcherServlet        : Initializing Servlet 'dispatcherServlet'
2025-04-21T15:23:13.248+05:30  INFO 20776 --- [AirlineReservationSystem] [http-nio-8080-exec-2] o.s.web.servlet.DispatcherServlet        : Completed initialization in 1 ms
2025-04-21T15:23:25.022+05:30  WARN 20776 --- [AirlineReservationSystem] [http-nio-8080-exec-9] o.s.web.servlet.PageNotFound             : No mapping for GET /favicon.ico
2025-04-21T15:23:25.033+05:30  WARN 20776 --- [AirlineReservationSystem] [http-nio-8080-exec-9] o.s.web.servlet.PageNotFound             : No endpoint GET /favicon.ico.
2025-04-21T15:23:37.671+05:30  INFO 20776 --- [AirlineReservationSystem] [SpringApplicationShutdownHook] j.LocalContainerEntityManagerFactoryBean : Closing JPA EntityManagerFactory for persistence unit 'default'
2025-04-21T15:23:37.675+05:30  INFO 20776 --- [AirlineReservationSystem] [SpringApplicationShutdownHook] com.zaxxer.hikari.HikariDataSource       : HikariPool-1 - Shutdown initiated...
2025-04-21T15:23:37.689+05:30  INFO 20776 --- [AirlineReservationSystem] [SpringApplicationShutdownHook] com.zaxxer.hikari.HikariDataSource       : HikariPool-1 - Shutdown completed.
2025-04-21T15:31:10.042+05:30  INFO 10432 --- [AirlineReservationSystem] [main] .e.A.AirlineReservationSystemApplication : Starting AirlineReservationSystemApplication using Java 23.0.1 with PID 10432 (C:\Users\Lakshay\OneDrive\Desktop\Airline Reservation System v2\Airline Reservation System\AirlineReservationSystem\target\classes started by Lakshay in C:\Users\Lakshay\OneDrive\Desktop\Airline Reservation System v2\Airline Reservation System\AirlineReservationSystem)
2025-04-21T15:31:10.045+05:30  INFO 10432 --- [AirlineReservationSystem] [main] .e.A.AirlineReservationSystemApplication : No active profile set, falling back to 1 default profile: "default"
2025-04-21T15:31:10.690+05:30  INFO 10432 --- [AirlineReservationSystem] [main] .s.d.r.c.RepositoryConfigurationDelegate : Bootstrapping Spring Data JPA repositories in DEFAULT mode.
2025-04-21T15:31:10.754+05:30  INFO 10432 --- [AirlineReservationSystem] [main] .s.d.r.c.RepositoryConfigurationDelegate : Finished Spring Data repository scanning in 58 ms. Found 5 JPA repository interfaces.
2025-04-21T15:31:11.185+05:30  INFO 10432 --- [AirlineReservationSystem] [main] o.s.b.w.embedded.tomcat.TomcatWebServer  : Tomcat initialized with port 8080 (http)
2025-04-21T15:31:11.197+05:30  INFO 10432 --- [AirlineReservationSystem] [main] o.apache.catalina.core.StandardService   : Starting service [Tomcat]
2025-04-21T15:31:11.198+05:30  INFO 10432 --- [AirlineReservationSystem] [main] o.apache.catalina.core.StandardEngine    : Starting Servlet engine: [Apache Tomcat/10.1.19]
2025-04-21T15:31:11.249+05:30  INFO 10432 --- [AirlineReservationSystem] [main] o.a.c.c.C.[Tomcat].[localhost].[/]       : Initializing Spring embedded WebApplicationContext
2025-04-21T15:31:11.250+05:30  INFO 10432 --- [AirlineReservationSystem] [main] w.s.c.ServletWebServerApplicationContext : Root WebApplicationContext: initialization completed in 1116 ms
2025-04-21T15:31:11.373+05:30  INFO 10432 --- [AirlineReservationSystem] [main] o.hibernate.jpa.internal.util.LogHelper  : HHH000204: Processing PersistenceUnitInfo [name: default]
2025-04-21T15:31:11.411+05:30  INFO 10432 --- [AirlineReservationSystem] [main] org.hibernate.Version                    : HHH000412: Hibernate ORM core version 6.4.4.Final
2025-04-21T15:31:11.434+05:30  INFO 10432 --- [AirlineReservationSystem] [main] o.h.c.internal.RegionFactoryInitiator    : HHH000026: Second-level cache disabled
2025-04-21T15:31:11.606+05:30  INFO 10432 --- [AirlineReservationSystem] [main] o.s.o.j.p.SpringPersistenceUnitInfo      : No LoadTimeWeaver setup: ignoring JPA class transformer
2025-04-21T15:31:11.625+05:30  INFO 10432 --- [AirlineReservationSystem] [main] com.zaxxer.hikari.HikariDataSource       : HikariPool-1 - Starting...
2025-04-21T15:31:11.917+05:30  INFO 10432 --- [AirlineReservationSystem] [main] com.zaxxer.hikari.pool.HikariPool        : HikariPool-1 - Added connection com.mysql.cj.jdbc.ConnectionImpl@45bd4753
2025-04-21T15:31:11.918+05:30  INFO 10432 --- [AirlineReservationSystem] [main] com.zaxxer.hikari.HikariDataSource       : HikariPool-1 - Start completed.
2025-04-21T15:31:12.168+05:30  WARN 10432 --- [AirlineReservationSystem] [main] org.hibernate.id.UUIDHexGenerator        : HHH000409: Using org.hibernate.id.UUIDHexGenerator which does not generate IETF RFC 4122 compliant UUID values; consider using org.hibernate.id.UUIDGenerator instead
2025-04-21T15:31:12.696+05:30  INFO 10432 --- [AirlineReservationSystem] [main] o.h.e.t.j.p.i.JtaPlatformInitiator       : HHH000489: No JTA platform available (set 'hibernate.transaction.jta.platform' to enable JTA platform integration)
2025-04-21T15:31:12.801+05:30  INFO 10432 --- [AirlineReservationSystem] [main] j.LocalContainerEntityManagerFactoryBean : Initialized JPA EntityManagerFactory for persistence unit 'default'
2025-04-21T15:31:13.198+05:30  WARN 10432 --- [AirlineReservationSystem] [main] JpaBaseConfiguration$JpaWebConfiguration : spring.jpa.open-in-view is enabled by default. Therefore, database queries may be performed during view rendering. Explicitly configure spring.jpa.open-in-view to disable this warning
2025-04-21T15:31:13.364+05:30  INFO 10432 --- [AirlineReservationSystem] [main] o.s.s.web.DefaultSecurityFilterChain     : Will secure any request with [org.springframework.security.web.session.DisableEncodeUrlFilter@189f3ccd, org.springframework.security.web.context.request.async.WebAsyncManagerIntegrationFilter@2eb0932c, org.springframework.security.web.context.SecurityContextHolderFilter@701da311, org.springframework.security.web.header.HeaderWriterFilter@19a4cdea, org.springframework.web.filter.CorsFilter@82382d1, org.springframework.security.web.authentication.logout.LogoutFilter@7925e772, org.springframework.security.web.authentication.UsernamePasswordAuthenticationFilter@34a482d0, org.springframework.security.web.savedrequest.RequestCacheAwareFilter@5de14222, org.springframework.security.web.servletapi.SecurityContextHolderAwareRequestFilter@6fb51e17, org.springframework.security.web.authentication.AnonymousAuthenticationFilter@6c120b00, org.springframework.security.web.access.ExceptionTranslationFilter@732bb49d, org.springframework.security.web.access.intercept.AuthorizationFilter@41041c31]
2025-04-21T15:31:13.580+05:30  INFO 10432 --- [AirlineReservationSystem] [main] o.s.b.w.embedded.tomcat.TomcatWebServer  : Tomcat started on port 8080 (http) with context path ''
2025-04-21T15:31:13.585+05:30  INFO 10432 --- [AirlineReservationSystem] [main] .e.A.AirlineReservationSystemApplication : Started AirlineReservationSystemApplication in 3.994 seconds (process running for 4.292)
2025-04-21T15:31:24.163+05:30  INFO 10432 --- [AirlineReservationSystem] [http-nio-8080-exec-1] o.a.c.c.C.[Tomcat].[localhost].[/]       : Initializing Spring DispatcherServlet 'dispatcherServlet'
2025-04-21T15:31:24.163+05:30  INFO 10432 --- [AirlineReservationSystem] [http-nio-8080-exec-1] o.s.web.servlet.DispatcherServlet        : Initializing Servlet 'dispatcherServlet'
2025-04-21T15:31:24.165+05:30  INFO 10432 --- [AirlineReservationSystem] [http-nio-8080-exec-1] o.s.web.servlet.DispatcherServlet        : Completed initialization in 1 ms
2025-04-21T15:31:30.650+05:30  INFO 10432 --- [AirlineReservationSystem] [SpringApplicationShutdownHook] j.LocalContainerEntityManagerFactoryBean : Closing JPA EntityManagerFactory for persistence unit 'default'
2025-04-21T15:31:30.652+05:30  INFO 10432 --- [AirlineReservationSystem] [SpringApplicationShutdownHook] com.zaxxer.hikari.HikariDataSource       : HikariPool-1 - Shutdown initiated...
2025-04-21T15:31:30.659+05:30  INFO 10432 --- [AirlineReservationSystem] [SpringApplicationShutdownHook] com.zaxxer.hikari.HikariDataSource       : HikariPool-1 - Shutdown completed.
